[    0.000000] Initializing cgroup subsys cpuset
[    0.000000] Initializing cgroup subsys cpu
[    0.000000] Initializing cgroup subsys cpuacct
[    0.000000] Linux version 4.4.0-62-generic (buildd@lcy01-30) (gcc version 5.4.0 20160609 (Ubuntu 5.4.0-6ubuntu1~16.04.4) ) #83-Ubuntu SMP Wed Jan 18 14:10:15 UTC 2017 (Ubuntu 4.4.0-62.83-generic 4.4.40)
[    0.000000] Command line: BOOT_IMAGE=/boot/vmlinuz-4.4.0-62-generic root=LABEL=cloudimg-rootfs ro console=tty1 console=ttyS0
[    0.000000] KERNEL supported cpus:
[    0.000000]   Intel GenuineIntel
[    0.000000]   AMD AuthenticAMD
[    0.000000]   Centaur CentaurHauls
[    0.000000] ------------[ cut here ]------------
[    0.000000] WARNING: CPU: 0 PID: 0 at /build/linux-W6HB68/linux-4.4.0/arch/x86/kernel/fpu/xstate.c:517 fpu__init_system_xstate+0x38b/0x75a()
[    0.000000] XSAVE consistency problem, dumping leaves
[    0.000000] Modules linked in:
[    0.000000] CPU: 0 PID: 0 Comm: swapper Not tainted 4.4.0-62-generic #83-Ubuntu
[    0.000000]  0000000000000086 a0a408fdb1ab577c ffffffff81e03d80 ffffffff813f7c63
[    0.000000]  ffffffff81e03dc8 ffffffff81ca5ee0 ffffffff81e03db8 ffffffff810812d2
[    0.000000]  ffffffff81e03e48 ffffffff81e03e4c 0000000000000008 0000000000000100
[    0.000000] Call Trace:
[    0.000000]  [<ffffffff813f7c63>] dump_stack+0x63/0x90
[    0.000000]  [<ffffffff810812d2>] warn_slowpath_common+0x82/0xc0
[    0.000000]  [<ffffffff8108136c>] warn_slowpath_fmt+0x5c/0x80
[    0.000000]  [<ffffffff8107cfa0>] ? xfeature_size+0x59/0x77
[    0.000000]  [<ffffffff81f6cee4>] fpu__init_system_xstate+0x38b/0x75a
[    0.000000]  [<ffffffff81f5c120>] ? early_idt_handler_array+0x120/0x120
[    0.000000]  [<ffffffff81f6c84f>] fpu__init_system+0x10d/0x245
[    0.000000]  [<ffffffff81f6d958>] early_cpu_init+0x139/0x13e
[    0.000000]  [<ffffffff81f6d958>] ? early_cpu_init+0x139/0x13e
[    0.000000]  [<ffffffff81f68e32>] setup_arch+0xb4/0xd1e
[    0.000000]  [<ffffffff81f5c120>] ? early_idt_handler_array+0x120/0x120
[    0.000000]  [<ffffffff81f5cc74>] start_kernel+0xe4/0x4a2
[    0.000000]  [<ffffffff81f5c120>] ? early_idt_handler_array+0x120/0x120
[    0.000000]  [<ffffffff81f5c339>] x86_64_start_reservations+0x2a/0x2c
[    0.000000]  [<ffffffff81f5c485>] x86_64_start_kernel+0x14a/0x16d
[    0.000000] ---[ end trace 4d5ff9f2f68c4233 ]---
[    0.000000] CPUID[0d, 00]: eax=00000007 ebx=00000440 ecx=00000440 edx=00000000
[    0.000000] CPUID[0d, 01]: eax=00000000 ebx=000003c0 ecx=00000000 edx=00000000
[    0.000000] CPUID[0d, 02]: eax=00000100 ebx=00000240 ecx=00000000 edx=00000000
[    0.000000] CPUID[0d, 03]: eax=00000000 ebx=00000000 ecx=00000000 edx=00000000
[    0.000000] CPUID[0d, 04]: eax=00000000 ebx=00000000 ecx=00000000 edx=00000000
[    0.000000] CPUID[0d, 05]: eax=00000000 ebx=00000000 ecx=00000000 edx=00000000
[    0.000000] CPUID[0d, 06]: eax=00000000 ebx=00000000 ecx=00000000 edx=00000000
[    0.000000] CPUID[0d, 07]: eax=00000000 ebx=00000000 ecx=00000000 edx=00000000
[    0.000000] CPUID[0d, 08]: eax=00000000 ebx=00000000 ecx=00000000 edx=00000000
[    0.000000] CPUID[0d, 09]: eax=00000000 ebx=00000000 ecx=00000000 edx=00000000
[    0.000000] CPUID[0d, 0a]: eax=00000000 ebx=00000000 ecx=00000000 edx=00000000
[    0.000000] CPUID[0d, 0b]: eax=00000000 ebx=00000000 ecx=00000000 edx=00000000
[    0.000000] CPUID[0d, 0c]: eax=00000000 ebx=00000000 ecx=00000000 edx=00000000
[    0.000000] CPUID[0d, 0d]: eax=00000000 ebx=00000000 ecx=00000000 edx=00000000
[    0.000000] CPUID[0d, 0e]: eax=00000000 ebx=00000000 ecx=00000000 edx=00000000
[    0.000000] CPUID[0d, 0f]: eax=00000000 ebx=00000000 ecx=00000000 edx=00000000
[    0.000000] CPUID[0d, 10]: eax=00000000 ebx=00000000 ecx=00000000 edx=00000000
[    0.000000] CPUID[0d, 11]: eax=00000000 ebx=00000000 ecx=00000000 edx=00000000
[    0.000000] x86/fpu: xstate_offset[2]:  576, xstate_sizes[2]:  256
[    0.000000] x86/fpu: Supporting XSAVE feature 0x01: 'x87 floating point registers'
[    0.000000] x86/fpu: Supporting XSAVE feature 0x02: 'SSE registers'
[    0.000000] x86/fpu: Supporting XSAVE feature 0x04: 'AVX registers'
[    0.000000] x86/fpu: Enabled xstate features 0x7, context size is 1088 bytes, using 'standard' format.
[    0.000000] x86/fpu: Using 'lazy' FPU context switches.
[    0.000000] e820: BIOS-provided physical RAM map:
[    0.000000] BIOS-e820: [mem 0x0000000000000000-0x000000000009fbff] usable
[    0.000000] BIOS-e820: [mem 0x000000000009fc00-0x000000000009ffff] reserved
[    0.000000] BIOS-e820: [mem 0x00000000000f0000-0x00000000000fffff] reserved
[    0.000000] BIOS-e820: [mem 0x0000000000100000-0x000000003ffeffff] usable
[    0.000000] BIOS-e820: [mem 0x000000003fff0000-0x000000003fffffff] ACPI data
[    0.000000] BIOS-e820: [mem 0x00000000fec00000-0x00000000fec00fff] reserved
[    0.000000] BIOS-e820: [mem 0x00000000fee00000-0x00000000fee00fff] reserved
[    0.000000] BIOS-e820: [mem 0x00000000fffc0000-0x00000000ffffffff] reserved
[    0.000000] NX (Execute Disable) protection: active
[    0.000000] SMBIOS 2.5 present.
[    0.000000] Hypervisor detected: KVM
[    0.000000] e820: last_pfn = 0x3fff0 max_arch_pfn = 0x400000000
[    0.000000] MTRR: Disabled
[    0.000000] x86/PAT: MTRRs disabled, skipping PAT initialization too.
[    0.000000] x86/PAT: Configuration [0-7]: WB  WT  UC- UC  WB  WT  UC- UC  
[    0.000000] CPU MTRRs all blank - virtualized system.
[    0.000000] found SMP MP-table at [mem 0x0009fff0-0x0009ffff] mapped at [ffff88000009fff0]
[    0.000000] Scanning 1 areas for low memory corruption
[    0.000000] RAMDISK: [mem 0x36b5a000-0x375a4fff]
[    0.000000] ACPI: Early table checksum verification disabled
[    0.000000] ACPI: RSDP 0x00000000000E0000 000024 (v02 VBOX  )
[    0.000000] ACPI: XSDT 0x000000003FFF0030 00003C (v01 VBOX   VBOXXSDT 00000001 ASL  00000061)
[    0.000000] ACPI: FACP 0x000000003FFF00F0 0000F4 (v04 VBOX   VBOXFACP 00000001 ASL  00000061)
[    0.000000] ACPI: DSDT 0x000000003FFF0470 00210F (v01 VBOX   VBOXBIOS 00000002 INTL 20100528)
[    0.000000] ACPI: FACS 0x000000003FFF0200 000040
[    0.000000] ACPI: FACS 0x000000003FFF0200 000040
[    0.000000] ACPI: APIC 0x000000003FFF0240 00005C (v02 VBOX   VBOXAPIC 00000001 ASL  00000061)
[    0.000000] ACPI: SSDT 0x000000003FFF02A0 0001CC (v01 VBOX   VBOXCPUT 00000002 INTL 20100528)
[    0.000000] No NUMA configuration found
[    0.000000] Faking a node at [mem 0x0000000000000000-0x000000003ffeffff]
[    0.000000] NODE_DATA(0) allocated [mem 0x3ffeb000-0x3ffeffff]
[    0.000000] kvm-clock: Using msrs 4b564d01 and 4b564d00
[    0.000000] kvm-clock: cpu 0, msr 0:3ffe3001, primary cpu clock
[    0.000000] kvm-clock: using sched offset of 3417569888 cycles
[    0.000000] clocksource: kvm-clock: mask: 0xffffffffffffffff max_cycles: 0x1cd42e4dffb, max_idle_ns: 881590591483 ns
[    0.000000] Zone ranges:
[    0.000000]   DMA      [mem 0x0000000000001000-0x0000000000ffffff]
[    0.000000]   DMA32    [mem 0x0000000001000000-0x000000003ffeffff]
[    0.000000]   Normal   empty
[    0.000000]   Device   empty
[    0.000000] Movable zone start for each node
[    0.000000] Early memory node ranges
[    0.000000]   node   0: [mem 0x0000000000001000-0x000000000009efff]
[    0.000000]   node   0: [mem 0x0000000000100000-0x000000003ffeffff]
[    0.000000] Initmem setup node 0 [mem 0x0000000000001000-0x000000003ffeffff]
[    0.000000] ACPI: PM-Timer IO Port: 0x4008
[    0.000000] IOAPIC[0]: apic_id 2, version 32, address 0xfec00000, GSI 0-23
[    0.000000] ACPI: INT_SRC_OVR (bus 0 bus_irq 0 global_irq 2 dfl dfl)
[    0.000000] ACPI: INT_SRC_OVR (bus 0 bus_irq 9 global_irq 9 high level)
[    0.000000] Using ACPI (MADT) for SMP configuration information
[    0.000000] smpboot: Allowing 2 CPUs, 0 hotplug CPUs
[    0.000000] PM: Registered nosave memory: [mem 0x00000000-0x00000fff]
[    0.000000] PM: Registered nosave memory: [mem 0x0009f000-0x0009ffff]
[    0.000000] PM: Registered nosave memory: [mem 0x000a0000-0x000effff]
[    0.000000] PM: Registered nosave memory: [mem 0x000f0000-0x000fffff]
[    0.000000] e820: [mem 0x40000000-0xfebfffff] available for PCI devices
[    0.000000] Booting paravirtualized kernel on KVM
[    0.000000] clocksource: refined-jiffies: mask: 0xffffffff max_cycles: 0xffffffff, max_idle_ns: 7645519600211568 ns
[    0.000000] setup_percpu: NR_CPUS:512 nr_cpumask_bits:512 nr_cpu_ids:2 nr_node_ids:1
[    0.000000] PERCPU: Embedded 33 pages/cpu @ffff88003fc00000 s98264 r8192 d28712 u1048576
[    0.000000] PV qspinlock hash table entries: 256 (order: 0, 4096 bytes)
[    0.000000] Built 1 zonelists in Node order, mobility grouping on.  Total pages: 257913
[    0.000000] Policy zone: DMA32
[    0.000000] Kernel command line: BOOT_IMAGE=/boot/vmlinuz-4.4.0-62-generic root=LABEL=cloudimg-rootfs ro console=tty1 console=ttyS0
[    0.000000] PID hash table entries: 4096 (order: 3, 32768 bytes)
[    0.000000] Memory: 1002040K/1048120K available (8436K kernel code, 1291K rwdata, 3960K rodata, 1488K init, 1316K bss, 46080K reserved, 0K cma-reserved)
[    0.000000] SLUB: HWalign=64, Order=0-3, MinObjects=0, CPUs=2, Nodes=1
[    0.000000] Hierarchical RCU implementation.
[    0.000000] 	Build-time adjustment of leaf fanout to 64.
[    0.000000] 	RCU restricting CPUs from NR_CPUS=512 to nr_cpu_ids=2.
[    0.000000] RCU: Adjusting geometry for rcu_fanout_leaf=64, nr_cpu_ids=2
[    0.000000] NR_IRQS:33024 nr_irqs:440 16
[    0.000000] Console: colour VGA+ 80x25
[    0.000000] console [tty1] enabled
[    0.000000] console [ttyS0] enabled
[    0.000000] tsc: Detected 2303.998 MHz processor
[   13.221212] Calibrating delay loop (skipped) preset value.. 4607.99 BogoMIPS (lpj=9215992)
[   13.222750] pid_max: default: 32768 minimum: 301
[   13.223570] ACPI: Core revision 20150930
[   13.321625] ACPI: 2 ACPI AML tables successfully acquired and loaded
[   13.534372] Security Framework initialized
[   13.657549] Yama: becoming mindful.
[   13.776053] AppArmor: AppArmor initialized
[   13.889957] Dentry cache hash table entries: 131072 (order: 8, 1048576 bytes)
[   13.891526] Inode-cache hash table entries: 65536 (order: 7, 524288 bytes)
[   13.896939] Mount-cache hash table entries: 2048 (order: 2, 16384 bytes)
[   14.067394] Mountpoint-cache hash table entries: 2048 (order: 2, 16384 bytes)
[   14.242999] Initializing cgroup subsys io
[   14.243866] Initializing cgroup subsys memory
[   14.244728] Initializing cgroup subsys devices
[   14.245652] Initializing cgroup subsys freezer
[   14.246531] Initializing cgroup subsys net_cls
[   14.247383] Initializing cgroup subsys perf_event
[   14.248395] Initializing cgroup subsys net_prio
[   14.249307] Initializing cgroup subsys hugetlb
[   14.250295] Initializing cgroup subsys pids
[   14.257195] CPU: Physical Processor ID: 0
[   14.258111] CPU: Processor Core ID: 0
[   14.260146] mce: CPU supports 0 MCE banks
[   14.261023] Last level iTLB entries: 4KB 128, 2MB 8, 4MB 8
[   14.262020] Last level dTLB entries: 4KB 64, 2MB 0, 4MB 0, 1GB 4
[   14.265218] Freeing SMP alternatives memory: 32K (ffffffff820b8000 - ffffffff820c0000)
[   14.284866] ftrace: allocating 32065 entries in 126 pages
[   14.325612] smpboot: APIC(0) Converting physical 0 to logical package 0
[   14.441935] smpboot: Max logical packages: 1
[   14.443107] x2apic enabled
[   14.443988] Switched APIC routing to physical x2apic.
[   14.446109] ..TIMER: vector=0x30 apic1=0 pin1=2 apic2=-1 pin2=-1
[   14.552201] smpboot: CPU0: Intel(R) Core(TM) i5-6300HQ CPU @ 2.30GHz (family: 0x6, model: 0x5e, stepping: 0x3)
[   14.822864] Performance Events: unsupported p6 CPU model 94 no PMU driver, software events only.
[   15.115286] KVM setup paravirtual spinlock
[   15.225618] x86: Booting SMP configuration:
[   15.323478] .... node  #0, CPUs:      #1
[   15.436411] kvm-clock: cpu 1, msr 0:3ffe3041, secondary cpu clock
[   15.623242] mce: CPU supports 0 MCE banks
[   15.735774] x86: Booted up 1 node, 2 CPUs
[   15.854681] smpboot: Total of 2 processors activated (9215.99 BogoMIPS)
[   16.064639] devtmpfs: initialized
[   16.146128] evm: security.selinux
[   16.219953] evm: security.SMACK64
[   16.220695] evm: security.SMACK64EXEC
[   16.332934] evm: security.SMACK64TRANSMUTE
[   16.378454] evm: security.SMACK64MMAP
[   16.485930] evm: security.ima
[   16.492998] evm: security.capability
[   16.493971] clocksource: jiffies: mask: 0xffffffff max_cycles: 0xffffffff, max_idle_ns: 7645041785100000 ns
[   16.558026] pinctrl core: initialized pinctrl subsystem
[   16.559037] RTC time:  5:10:16, date: 02/20/17
[   16.563767] NET: Registered protocol family 16
[   16.617524] cpuidle: using governor ladder
[   16.642497] cpuidle: using governor menu
[   16.725457] PCCT header not found.
[   16.834430] ACPI: bus type PCI registered
[   16.937423] acpiphp: ACPI Hot Plug PCI Controller Driver version: 0.5
[   17.149759] PCI: Using configuration type 1 for base access
[   17.327329] ACPI: Added _OSI(Module Device)
[   17.472885] ACPI: Added _OSI(Processor Device)
[   17.510053] ACPI: Added _OSI(3.0 _SCP Extensions)
[   17.546988] ACPI: Added _OSI(Processor Aggregator Device)
[   17.591303] ACPI: Executed 1 blocks of module-level executable AML code
[   17.594764] ACPI: Interpreter enabled
[   17.680754] ACPI: (supports S0 S5)
[   17.756422] ACPI: Using IOAPIC for interrupt routing
[   17.918826] PCI: Using host bridge windows from ACPI; if necessary, use "pci=nocrs" and report a bug
[   18.173561] ACPI: PCI Root Bridge [PCI0] (domain 0000 [bus 00-ff])
[   18.174616] acpi PNP0A03:00: _OSC: OS supports [ASPM ClockPM Segments MSI]
[   18.339897] acpi PNP0A03:00: _OSC failed (AE_NOT_FOUND); disabling ASPM
[   18.341186] acpi PNP0A03:00: fail to add MMCONFIG information, can't access extended PCI configuration space under this bridge.
[   18.343544] PCI host bridge to bus 0000:00
[   18.344363] pci_bus 0000:00: root bus resource [io  0x0000-0x0cf7 window]
[   18.565184] pci_bus 0000:00: root bus resource [io  0x0d00-0xffff window]
[   18.718057] pci_bus 0000:00: root bus resource [mem 0x000a0000-0x000bffff window]
[   18.822419] pci_bus 0000:00: root bus resource [mem 0x40000000-0xffdfffff window]
[   18.839401] pci_bus 0000:00: root bus resource [bus 00-ff]
[   18.842037] pci 0000:00:01.1: legacy IDE quirk: reg 0x10: [io  0x01f0-0x01f7]
[   18.858362] pci 0000:00:01.1: legacy IDE quirk: reg 0x14: [io  0x03f6]
[   18.859444] pci 0000:00:01.1: legacy IDE quirk: reg 0x18: [io  0x0170-0x0177]
[   18.860597] pci 0000:00:01.1: legacy IDE quirk: reg 0x1c: [io  0x0376]
[   18.873649] pci 0000:00:07.0: quirk: [io  0x4000-0x403f] claimed by PIIX4 ACPI
[   18.984434] pci 0000:00:07.0: quirk: [io  0x4100-0x410f] claimed by PIIX4 SMB
[   18.990673] ACPI: PCI Interrupt Link [LNKA] (IRQs 5 9 10 *11)
[   19.144662] ACPI: PCI Interrupt Link [LNKB] (IRQs 5 9 10 *11)
[   19.285699] ACPI: PCI Interrupt Link [LNKC] (IRQs 5 9 *10 11)
[   19.447807] ACPI: PCI Interrupt Link [LNKD] (IRQs 5 *9 10 11)
[   19.472119] ACPI: Enabled 2 GPEs in block 00 to 07
[   19.473360] vgaarb: setting as boot device: PCI:0000:00:02.0
[   19.490271] vgaarb: device added: PCI:0000:00:02.0,decodes=io+mem,owns=io+mem,locks=none
[   19.491772] vgaarb: loaded
[   19.492378] vgaarb: bridge control possible 0000:00:02.0
[   19.493605] SCSI subsystem initialized
[   19.494473] ACPI: bus type USB registered
[   19.622998] usbcore: registered new interface driver usbfs
[   19.725958] usbcore: registered new interface driver hub
[   19.856328] usbcore: registered new device driver usb
[   19.958275] PCI: Using ACPI for IRQ routing
[   20.046263] NetLabel: Initializing
[   20.160615] NetLabel:  domain hash size = 128
[   20.274324] NetLabel:  protocols = UNLABELED CIPSOv4
[   20.439986] NetLabel:  unlabeled traffic allowed by default
[   20.592252] amd_nb: Cannot enumerate AMD northbridges
[   20.773808] clocksource: Switched to clocksource kvm-clock
[   20.978995] AppArmor: AppArmor Filesystem Enabled
[   21.116415] pnp: PnP ACPI init
[   21.212935] pnp: PnP ACPI: found 3 devices
[   21.251036] clocksource: acpi_pm: mask: 0xffffff max_cycles: 0xffffff, max_idle_ns: 2085701024 ns
[   21.561099] NET: Registered protocol family 2
[   21.710937] TCP established hash table entries: 8192 (order: 4, 65536 bytes)
[   21.958102] TCP bind hash table entries: 8192 (order: 5, 131072 bytes)
[   22.166194] TCP: Hash tables configured (established 8192 bind 8192)
[   22.265021] UDP hash table entries: 512 (order: 2, 16384 bytes)
[   22.466506] UDP-Lite hash table entries: 512 (order: 2, 16384 bytes)
[   22.692727] NET: Registered protocol family 1
[   22.863636] pci 0000:00:00.0: Limiting direct PCI/PCI transfers
[   23.052417] pci 0000:00:01.0: Activating ISA DMA hang workarounds
[   23.260087] Trying to unpack rootfs image as initramfs...
[   25.142003] Freeing initrd memory: 10540K (ffff880036b5a000 - ffff8800375a5000)
[   25.415044] platform rtc_cmos: registered platform RTC device (no PNP device found)
[   25.437457] Scanning for low memory corruption every 60 seconds
[   25.540022] futex hash table entries: 512 (order: 3, 32768 bytes)
[   25.620718] audit: initializing netlink subsys (disabled)
[   25.621753] audit: type=2000 audit(1487567410.815:1): initialized
[   25.623114] Initialise system trusted keyring
[   25.624245] HugeTLB registered 2 MB page size, pre-allocated 0 pages
[   25.746657] zbud: loaded
[   25.782601] VFS: Disk quotas dquot_6.6.0
[   25.882600] VFS: Dquot-cache hash table entries: 512 (order 0, 4096 bytes)
[   25.884084] squashfs: version 4.0 (2009/01/31) Phillip Lougher
[   25.885527] fuse init (API version 7.23)
[   25.970884] Key type big_key registered
[   26.099122] Allocating IMA MOK and blacklist keyrings.
[   26.263941] Key type asymmetric registered
[   26.390566] Asymmetric key parser 'x509' registered
[   26.516563] tsc: Refined TSC clocksource calibration: 2302.885 MHz
[   26.702908] clocksource: tsc: mask: 0xffffffffffffffff max_cycles: 0x2131da9dd52, max_idle_ns: 440795242548 ns
[   26.782837] Block layer SCSI generic (bsg) driver version 0.4 loaded (major 249)
[   26.782883] io scheduler noop registered
[   26.782885] io scheduler deadline registered (default)
[   26.782911] io scheduler cfq registered
[   26.782982] pci_hotplug: PCI Hot Plug PCI Core version: 0.5
[   26.782986] pciehp: PCI Express Hot Plug Controller Driver version: 0.4
[   26.783093] ACPI: AC Adapter [AC] (off-line)
[   26.783135] input: Power Button as /devices/LNXSYSTM:00/LNXPWRBN:00/input/input0
[   26.783137] ACPI: Power Button [PWRF]
[   26.783192] input: Sleep Button as /devices/LNXSYSTM:00/LNXSLPBN:00/input/input1
[   26.783193] ACPI: Sleep Button [SLPF]
[   26.783303] GHES: HEST is not enabled!
[   26.783966] ACPI: Battery Slot [BAT0] (battery present)
[   26.784003] Serial: 8250/16550 driver, 32 ports, IRQ sharing enabled
[   26.926930] 00:02: ttyS0 at I/O 0x3f8 (irq = 4, base_baud = 115200) is a 16550A
[   27.176852] Linux agpgart interface v0.103
[   27.199829] brd: module loaded
[   27.200497] loop: module loaded
[   27.200929] scsi host0: ata_piix
[   27.200974] scsi host1: ata_piix
[   27.201001] ata1: PATA max UDMA/33 cmd 0x1f0 ctl 0x3f6 bmdma 0xd000 irq 14
[   27.201001] ata2: PATA max UDMA/33 cmd 0x170 ctl 0x376 bmdma 0xd008 irq 15
[   27.201060] libphy: Fixed MDIO Bus: probed
[   27.201062] tun: Universal TUN/TAP device driver, 1.6
[   27.201063] tun: (C) 1999-2004 Max Krasnyansky <maxk@qualcomm.com>
[   27.201329] PPP generic driver version 2.4.2
[   27.201374] ehci_hcd: USB 2.0 'Enhanced' Host Controller (EHCI) Driver
[   27.201377] ehci-pci: EHCI PCI platform driver
[   27.201385] ehci-platform: EHCI generic platform driver
[   27.201391] ohci_hcd: USB 1.1 'Open' Host Controller (OHCI) Driver
[   27.201394] ohci-pci: OHCI PCI platform driver
[   27.201401] ohci-platform: OHCI generic platform driver
[   27.201407] uhci_hcd: USB Universal Host Controller Interface driver
[   27.201452] i8042: PNP: PS/2 Controller [PNP0303:PS2K,PNP0f03:PS2M] at 0x60,0x64 irq 1,12
[   27.270745] serio: i8042 KBD port at 0x60,0x64 irq 1
[   27.270749] serio: i8042 AUX port at 0x60,0x64 irq 12
[   27.270852] mousedev: PS/2 mouse device common for all mice
[   27.271137] rtc_cmos rtc_cmos: rtc core: registered rtc_cmos as rtc0
[   27.271188] rtc_cmos rtc_cmos: alarms up to one day, 114 bytes nvram
[   27.271192] i2c /dev entries driver
[   27.271232] device-mapper: uevent: version 1.0.3
[   27.271275] device-mapper: ioctl: 4.34.0-ioctl (2015-10-28) initialised: dm-devel@redhat.com
[   27.271287] ledtrig-cpu: registered to indicate activity on CPUs
[   27.271494] NET: Registered protocol family 10
[   27.271687] NET: Registered protocol family 17
[   27.271708] Key type dns_resolver registered
[   27.326573] microcode: CPU0 sig=0x506e3, pf=0x2, revision=0x0
[   27.326596] microcode: CPU1 sig=0x506e3, pf=0x2, revision=0x0
[   27.326672] microcode: Microcode Update Driver: v2.01 <tigran@aivazian.fsnet.co.uk>, Peter Oruba
[   27.326866] registered taskstats version 1
[   27.326882] Loading compiled-in X.509 certificates
[   27.327430] Loaded X.509 cert 'Build time autogenerated kernel key: a630254739635d6fdc487c9f0afa5d9a0ff04f04'
[   27.327442] zswap: loaded using pool lzo/zbud
[   27.328500] Key type trusted registered
[   27.330272] Key type encrypted registered
[   27.330276] AppArmor: AppArmor sha1 policy hashing enabled
[   27.330279] ima: No TPM chip found, activating TPM-bypass!
[   27.330291] evm: HMAC attrs: 0x1
[   27.330490]   Magic number: 5:621:163
[   27.466678] rtc_cmos rtc_cmos: setting system clock to 2017-02-20 05:10:27 UTC (1487567427)
[   27.466964] BIOS EDD facility v0.16 2004-Jun-25, 0 devices found
[   27.466964] EDD information not available.
[   27.526465] input: AT Translated Set 2 keyboard as /devices/platform/i8042/serio0/input/input2
[   28.616677] Freeing unused kernel memory: 1488K (ffffffff81f44000 - ffffffff820b8000)
[   28.849603] Write protecting the kernel read-only data: 14336k
[   28.864869] Freeing unused kernel memory: 1792K (ffff880001840000 - ffff880001a00000)
[   28.866925] Freeing unused kernel memory: 136K (ffff880001dde000 - ffff880001e00000)
Loading, please [   28.878751] random: systemd-udevd: uninitialized urandom read (16 bytes read, 5 bits of entropy available)
wait...
startin[   28.879229] random: udevadm: uninitialized urandom read (16 bytes read, 5 bits of entropy available)
g version 229
[   28.879259] random: udevadm: uninitialized urandom read (16 bytes read, 5 bits of entropy available)
[   28.879347] random: udevadm: uninitialized urandom read (16 bytes read, 5 bits of entropy available)
[   28.879380] random: udevadm: uninitialized urandom read (16 bytes read, 5 bits of entropy available)
[   28.879414] random: udevadm: uninitialized urandom read (16 bytes read, 5 bits of entropy available)
[   28.879445] random: udevadm: uninitialized urandom read (16 bytes read, 5 bits of entropy available)
[   28.879474] random: udevadm: uninitialized urandom read (16 bytes read, 5 bits of entropy available)
[   28.879514] random: udevadm: uninitialized urandom read (16 bytes read, 5 bits of entropy available)
[   28.879545] random: udevadm: uninitialized urandom read (16 bytes read, 5 bits of entropy available)
[   29.469045] e1000: Intel(R) PRO/1000 Network Driver - version 7.3.21-k8-NAPI
[   29.476102] e1000: Copyright (c) 1999-2006 Intel Corporation.
[   29.477448] Fusion MPT base driver 3.04.20
[   29.478386] Copyright (c) 1999-2008 LSI Corporation
[   29.612200] Fusion MPT SPI Host driver 3.04.20
[   29.651773] AVX version of gcm_enc/dec engaged.
[   29.690993] AES CTR mode by8 optimization enabled
[   29.831264] input: ImExPS/2 Generic Explorer Mouse as /devices/platform/i8042/serio1/input/input4
[   29.974527] e1000 0000:00:03.0 eth0: (PCI:33MHz:32-bit) 02:e4:5b:1a:6e:ce
[   30.054728] e1000 0000:00:03.0 eth0: Intel(R) PRO/1000 Network Connection
[   30.192881] mptbase: ioc0: Initiating bringup
[   30.193357] e1000 0000:00:03.0 enp0s3: renamed from eth0
[   30.354019] ioc0: LSI53C1030 A0: Capabilities={Initiator}
[   30.686869] scsi host2: ioc0: LSI53C1030 A0, FwRev=00000000h, Ports=1, MaxQ=256, IRQ=20
[   31.106924] scsi 2:0:0:0: Direct-Access     VBOX     HARDDISK         1.0  PQ: 0 ANSI: 5
[   31.308790] scsi target2:0:0: Beginning Domain Validation
[   31.449432] scsi target2:0:0: Domain Validation skipping write tests
[   31.608737] scsi target2:0:0: Ending Domain Validation
[   31.785878] scsi target2:0:0: asynchronous
[   31.900450] scsi 2:0:1:0: Direct-Access     VBOX     HARDDISK         1.0  PQ: 0 ANSI: 5
[   32.042887] scsi target2:0:1: Beginning Domain Validation
[   32.046384] scsi target2:0:1: Domain Validation skipping write tests
[   32.047487] scsi target2:0:1: Ending Domain Validation
[   32.048464] scsi target2:0:1: asynchronous
[   32.092625] sd 2:0:0:0: [sda] 20971520 512-byte logical blocks: (10.7 GB/10.0 GiB)
[   32.094086] sd 2:0:0:0: Attached scsi generic sg0 type 0
[   32.095090] sd 2:0:0:0: [sda] Write Protect is off
[   32.096104] sd 2:0:0:0: [sda] Incomplete mode parameter data
[   32.097007] sd 2:0:0:0: [sda] Assuming drive cache: write through
[   32.098828] sd 2:0:1:0: [sdb] 20480 512-byte logical blocks: (10.5 MB/10.0 MiB)
[   32.100200] sd 2:0:1:0: Attached scsi generic sg1 type 0
[   32.101339] sd 2:0:1:0: [sdb] Write Protect is off
[   32.102632] sd 2:0:1:0: [sdb] Incomplete mode parameter data
[   32.103686] sd 2:0:1:0: [sdb] Assuming drive cache: write through
[   32.104645]  sda: sda1
[   32.107032] sd 2:0:0:0: [sda] Attached SCSI disk
[   32.112724] sd 2:0:1:0: [sdb] Attached SCSI disk
[   32.486072] floppy0: no floppy controllers found
Begin: Loading e[   33.977315] md: linear personality registered for level -1
ssential drivers ... [   34.186402] md: multipath personality registered for level -4
[   34.359955] md: raid0 personality registered for level 0
[   34.494258] md: raid1 personality registered for level 1
[   34.621842] raid6: sse2x1   gen()  8717 MB/s
[   34.726196] raid6: sse2x1   xor()  5333 MB/s
[   34.909922] raid6: sse2x2   gen() 10034 MB/s
[   35.001977] raid6: sse2x2   xor()  5482 MB/s
[   35.118093] raid6: sse2x4   gen() 10640 MB/s
[   35.253935] raid6: sse2x4   xor()  8247 MB/s
[   35.294001] raid6: using algorithm sse2x4 gen() 10640 MB/s
[   35.295041] raid6: .... xor() 8247 MB/s, rmw enabled
[   35.295902] raid6: using ssse3x2 recovery algorithm
[   35.298282] xor: automatically using best checksumming function:
[   35.353836]    avx       : 17878.000 MB/sec
[   35.470213] async_tx: api initialized (async)
[   35.621366] md: raid6 personality registered for level 6
[   35.783769] md: raid5 personality registered for level 5
[   35.940230] md: raid4 personality registered for level 4
[   36.118658] md: raid10 personality registered for level 10
done.
Begin: Running /scripts/init-p[   36.149039] Btrfs loaded
remount ... done.
Begin: Mounting root file sys[   36.265869] EXT4-fs (sda1): mounted filesystem with ordered data mode. Opts: (null)
tem ... Begin: Running /scripts/local-top ... done.
Begin: Running /scripts/local-premount ... Scanning for Btrfs filesystems
done.
Warning: fsck not present, so skipping root file system
done.
Begin: Running /scripts/local-bottom ... done.
Begin: Running /scripts/init-bottom ... done.
[   36.849780] systemd[1]: systemd 229 running in system mode. (+PAM +AUDIT +SELINUX +IMA +APPARMOR +SMACK +SYSVINIT +UTMP +LIBCRYPTSETUP +GCRYPT +GNUTLS +ACL +XZ -LZ4 +SECCOMP +BLKID +ELFUTILS +KMOD -IDN)
[   37.350047] systemd[1]: Detected virtualization oracle.
[   37.422977] systemd[1]: Detected architecture x86-64.

Welcome to [1mUbuntu 16.04.2 LTS[0m!

[   37.663425] systemd[1]: Set hostname to <ubuntu>.
[   37.797526] systemd[1]: Initializing machine ID from random generator.
[   37.846661] systemd[1]: Installed transient /etc/machine-id file.
[   37.955846] systemd[1]: Listening on Journal Socket.
[[0;32m  OK  [0m] Listening on Journal Socket.
[   38.008166] systemd[1]: Listening on Journal Socket (/dev/log).
[[0;32m  OK  [0m] Listening on Journal Socket (/dev/log).
[   38.070798] systemd[1]: Reached target Encrypted Volumes.
[[0;32m  OK  [0m] Reached target Encrypted Volumes.
[   38.100383] systemd[1]: Listening on udev Kernel Socket.
[[0;32m  OK  [0m] Listening on udev Kernel Socket.
[   38.138453] systemd[1]: Started Forward Password Requests to Wall Directory Watch.
[[0;32m  OK  [0m] Started Forward Password Requests to Wall Directory Watch.
[   38.225227] systemd[1]: Listening on LVM2 poll daemon socket.
[[0;32m  OK  [0m] Listening on LVM2 poll daemon socket.
[   38.242880] systemd[1]: Reached target User and Group Name Lookups.
[[0;32m  OK  [0m] Reached target User and Group Name Lookups.
[   38.314399] systemd[1]: Created slice System Slice.
[[0;32m  OK  [0m] Created slice System Slice.
[   38.474444] systemd[1]: Created slice system-serial\x2dgetty.slice.
[[0;32m  OK  [0m] Created slice system-serial\x2dgetty.slice.
[   38.538834] systemd[1]: Starting Uncomplicated firewall...
         Starting Uncomplicated firewall...
[   38.702509] systemd[1]: Mounting Huge Pages File System...
         Mounting Huge Pages File System...
[   38.882326] systemd[1]: Starting Create list of required static device nodes for the current kernel...
[   38.883476] random: nonblocking pool is initialized
         Starting Create list of required st... nodes for the current kernel...
[   39.425844] systemd[1]: Listening on Device-mapper event daemon FIFOs.
[[0;32m  OK  [0m] Listening on Device-mapper event daemon FIFOs.
[   39.666519] systemd[1]: Set up automount Arbitrary Executable File Formats File System Automount Point.
[[0;32m  OK  [0m] Set up automount Arbitrary Executab...ats File System Automount Point.
[   40.086755] systemd[1]: Listening on LVM2 metadata daemon socket.
[[0;32m  OK  [0m] Listening on LVM2 metadata daemon socket.
[   40.330931] systemd[1]: Listening on udev Control Socket.
[[0;32m  OK  [0m] Listening on udev Control Socket.
[   40.606847] systemd[1]: Listening on Journal Audit Socket.
[[0;32m  OK  [0m] Listening on Journal Audit Socket.
[   40.817984] systemd[1]: Starting Monitoring of LVM2 mirrors, snapshots etc. using dmeventd or progress polling...
         Starting Monitoring of LVM2 mirrors... dmeventd or progress polling...
[   41.107608] systemd[1]: Listening on /dev/initctl Compatibility Named Pipe.
[[0;32m  OK  [0m] Listening on /dev/initctl Compatibility Named Pipe.
[   41.431187] systemd[1]: Created slice User and Session Slice.
[[0;32m  OK  [0m] Created slice User and Session Slice.
[   41.710106] systemd[1]: Reached target Slices.
[[0;32m  OK  [0m] Reached target Slices.
[   41.934680] systemd[1]: Reached target Swap.
[[0;32m  OK  [0m] Reached target Swap.
[   42.113972] systemd[1]: Starting Load Kernel Modules...
[   42.236076] Loading iSCSI transport class v2.0-870.
         Startin[   42.409309] iscsi: registered transport (tcp)
g Load Kernel Modules...
[   42.452240] systemd[1]: Mounting Debug File System...
         Mounting Debug File Sys[   42.587300] iscsi: registered transport (iser)
tem...
[   42.758490] systemd[1]: Starting Nameserver information manager...
         Starting Nameserver information manager...
[   43.033990] systemd[1]: Starting Set console keymap...
         Starting Set console keymap...
[   43.226260] systemd[1]: Listening on Syslog Socket.
[[0;32m  OK  [0m] Listening on Syslog Socket.
[   43.430639] systemd[1]: Starting Journal Service...
         Starting Journal Service...
[   43.602196] systemd[1]: Starting Remount Root and Kernel File Systems...
[   43.605763] EXT4-fs (sda1): re-mounted. Opts: (null)
         Starting Remount Root and Kernel File Systems...
[   44.030000] systemd[1]: Mounting POSIX Message Queue File System...
         Mounting POSIX Message Queue File System...
[   44.299192] systemd[1]: Mounted POSIX Message Queue File System.
[[0;32m  OK  [0m] Mounted POSIX Message Queue File System.
[   44.390464] systemd[1]: Mounted Debug File System.
[[0;32m  OK  [0m] Mounted Debug File System.
[   44.622421] systemd[1]: Mounted Huge Pages File System.
[[0;32m  OK  [0m] Mounted Huge Pages File System.
[   44.862854] systemd[1]: Started Journal Service.
[[0;32m  OK  [0m] Started Journal Service.
[[0;32m  OK  [0m] Started Uncomplicated firewall.
[[0;32m  OK  [0m] Started Create list of required sta...ce nodes for the current kernel.
[[0;32m  OK  [0m] Started Load Kernel Modules.
[[0;32m  OK  [0m] Started Set console keymap.
[[0;32m  OK  [0m] Started Remount Root and Kernel File Systems.
[[0;32m  OK  [0m] Started Nameserver information manager.
[[0;32m  OK  [0m] Started LVM2 metadata daemon.
         Starting udev Coldplug all Devices...
         Starting Load/Save Random Seed...
         Starting Initial cloud-init job (pre-networking)...
         Starting Apply Kernel Variables...
         Mounting FUSE Control File System...
         Starting Create Static Device Nodes in /dev...
         Starting Flush Journal to Persistent Storage...
[[0;32m  OK  [0m] Mounted FUSE Control File System.
[[0;32m  OK  [0m] Started Monitoring of LVM2 mirrors,...ng dmeventd or progress polling.
[[0;32m  OK  [0m] Started Load/Save Random Seed.
[[0;32m  OK  [0m] Started Apply Kernel Variables.
[[0;32m  OK  [0m] Started Create Static Device Nodes in /dev.
[[0;32m  OK  [0m] Started udev Coldplug all Devices.
         Starting udev Kernel Device Manager...
[[0;32m  OK  [0m] Started udev Kernel Device Manager.
[[0;32m  OK  [0m] Started Flush Journal to Persistent Storage.
[[0;32m  OK  [0m] Found device /dev/ttyS0.
[[0;32m  OK  [0m] Started Dispatch Password Requests to Console Directory Watch.
[[0;32m  OK  [0m] Reached target Local File Systems (Pre).
[[0;32m  OK  [0m] Reached target Local File Systems.
         Starting Set console font and keymap...
         Starting Tell Plymouth To Write Out Runtime Data...
         Starting LSB: AppArmor initialization...
[   27.172737] cloud-init[482]: Cloud-init v. 0.7.8 running 'init-local' at Mon, 20 Feb 2017 05:10:46 +0000. Up 26.52 seconds.
         Starting Commit a transient machine-id on disk...
         Starting Create Volatile Files and Directories...
[[0;32m  OK  [0m] Started Tell Plymouth To Write Out Runtime Data.
[[0;32m  OK  [0m] Started Commit a transient machine-id on disk.
[[0;32m  OK  [0m] Started Create Volatile Files and Directories.
[[0;32m  OK  [0m] Started Set console font and keymap.
[[0;32m  OK  [0m] Started Initial cloud-init job (pre-networking).
[[0;32m  OK  [0m] Listening on Load/Save RF Kill Switch Status /dev/rfkill Watch.
[[0;32m  OK  [0m] Reached target Network (Pre).
[[0;32m  OK  [0m] Created slice system-getty.slice.
         Starting Update UTMP about System Boot/Shutdown...
[[0;32m  OK  [0m] Reached target System Time Synchronized.
[[0;32m  OK  [0m] Started Update UTMP about System Boot/Shutdown.
[[0;32m  OK  [0m] Started LSB: AppArmor initialization.
         Starting Raise network interfaces...
[[0;32m  OK  [0m] Started Raise network interfaces.
         Starting Initial cloud-init job (metadata service crawler)...
[[0;32m  OK  [0m] Reached target Network.
[   30.690327] cloud-init[1043]: Cloud-init v. 0.7.8 running 'init' at Mon, 20 Feb 2017 05:10:50 +0000. Up 29.99 seconds.
[   30.767493] cloud-init[1043]: ci-info: +++++++++++++++++++++++++++++++++++++Net device info++++++++++++++++++++++++++++++++++++++
[   30.840425] [cloud-init[0;32m  OK  [0m[1043]: ] ci-info: +--------+------+----------------------------+---------------+-------+-------------------+Started Initial cloud-init job (metadata service crawler).

[   30.841018] cloud-init[1043]: ci-info: | Device |  Up  |          Address           |      Mask     | Scope |     Hw-Address    |
[   31.212983] [[0;32m  OK  [0m] Reached target System Initialization.
[[0;32m  OK  [0m] Started Trigger resolvconf update for networkd DNS.
cloud-init[1043]: ci-info: +--------+------+----------------------------+---------------+-------+-------------------+
[   31.468996] [cloud-init[0;32m  OK  [0m[1043]: ] ci-info: |   lo   | True |         127.0.0.1          |   255.0.0.0   |   .   |         .         |Started Daily apt activities.

[[0;32m  OK  [0m] Started Daily Cleanup of Temporary Directories.
[[0;32m  OK  [0m] Started Timer to automatically refresh installed snaps.
[   31.469575] cloud-init[1043]: ci-info: |   lo   | True |          ::1/128           |       .       |  host |         .         |
[[0;32m  OK  [0m] Reached target Timers.
[   31.665509]          cloud-initStarting Socket activation for snappy daemon.[1043]: 
ci-info: | enp0s3 | True |         10.0.2.15          | 255.255.255.0 |   .   | 02:e4:5b:1a:6e:ce |
[   32.276403] [cloud-init[0;32m  OK  [0m[1043]: ] ci-info: | enp0s3 | True | fe80::e4:5bff:fe1a:6ece/64 |       .       |  link | 02:e4:5b:1a:6e:ce |Started ACPI Events Check.

[[0;32m  OK  [0m] Reached target Paths.
[[0;32m  OK  [0m] Listening on D-Bus System Message Bus Socket.
[   32.276863] cloud-init[1043]: ci-info: +--------+------+----------------------------+---------------+-------+-------------------+
[   32.612595] [cloud-init[0;32m  OK  [0m[1043]: ] ci-info: +++++++++++++++++++++++++++Route IPv4 info++++++++++++++++++++++++++++Listening on ACPID Listen Socket.

[[0;32m  OK  [0m] Listening on UUID daemon activation socket.
[   32.613094] cloud-init[1043]: ci-info: +-------+-------------+----------+---------------+-----------+-------+
[   32.912521]          cloud-initStarting LXD - unix socket.[1043]: 
ci-info: | Route | Destination | Gateway  |    Genmask    | Interface | Flags |
[   33.112756] [cloud-init[0;32m  OK  [0m[1043]: ] ci-info: +-------+-------------+----------+---------------+-----------+-------+Reached target Cloud-config availability.

[[0;32m  OK  [0m] Reached target Network is Online.
[   33.113229] cloud-init[1043]: ci-info: |   0   |   0.0.0.0   | 10.0.2.2 |    0.0.0.0    |   enp0s3  |   UG  |
[   33.548551]          cloud-initStarting iSCSI initiator daemon (iscsid)...[1043]: 
ci-info: |   1   |   10.0.2.0  | 0.0.0.0  | 255.255.255.0 |   enp0s3  |   U   |
[   33.761292] [cloud-init[0;32m  OK  [0m[1043]: ] ci-info: +-------+-------------+----------+---------------+-----------+-------+Listening on Socket activation for snappy daemon.

[[0;32m  OK  [0m] Listening on LXD - unix socket.
[   33.761907] cloud-init[1043]: Generating public/private rsa key pair.
[   34.052724] [cloud-init[0;32m  OK  [0m[1043]: ] Your identification has been saved in /etc/ssh/ssh_host_rsa_key.Reached target Sockets.

[   34.053262] [cloud-init[0;32m  OK  [0m[1043]: ] Your public key has been saved in /etc/ssh/ssh_host_rsa_key.pub.Reached target Basic System.

[   34.199646] cloud-init[1043]: The key fingerprint is:         Starting LSB: MD monitoring daemon...

[   34.248267]          cloud-initStarting Apply the settings specified in cloud-config...[1043]: 
SHA256:JGiNk6LthQ7G9MU3UM8/secbUfmCYZfGJ/6Gi551/kM root@ubuntu-xenial
[   34.329159] [cloud-init[0;32m  OK  [0m[1043]: ] The key's randomart image is:Started D-Bus System Message Bus.

[   34.329709] cloud-init[1043]: +---[RSA 2048]----+
[   34.362409] cloud-init[1043]: |     ...         |
[   34.365039] cloud-init[1043]: |    .=. o    . ..|
[   34.388723]          Starting LSB: Record successful boot for GRUB...
cloud-init[1043]: | .. *ooo.o .o *o.|
[   34.416586] [cloud-init[0;32m  OK  [0m[1043]: ] |oo.+...o. ..o*.o.|Started ACPI event daemon.

[   34.417110] cloud-init[1043]: |ooo..   S  +.oo .|
[   34.480309] cloud-init[1043]: |.+ .        + .E |
[   34.494869] cloud-init[1043]: |  o          o+ +|
         Starting System Logging Service...
[   34.510690] cloud-init[1043]: |             +o* |
[   34.584670] [cloud-init[0;32m  OK  [0m[1043]: ] |           .+.. =|Started FUSE filesystem for LXC.

[   34.585056] cloud-init[1043]: +----[SHA256]-----+
[   34.637425] [cloud-init[0;32m  OK  [0m[1043]: ] Generating public/private dsa key pair.Started Regular background program processing daemon.

[   34.637844] cloud-init[1043]:          Starting Login Service...
Your identification has been saved in /etc/ssh/ssh_host_dsa_key.
         Starting Accounts Service...
[   34.673026]          Starting /etc/rc.local Compatibility...
cloud-init[1043]: Your public key has been saved in /etc/ssh/ssh_host_dsa_key.pub.
         Starting LXD - container startup/shutdown...
[   34.703353]          cloud-initStarting Pollinate to seed the pseudo random number generator...[1043]: 
The key fingerprint is:
[   34.817126] [cloud-init[0;32m  OK  [0m[1043]: ] SHA256:Eh7AMzKTPgfuaMWmXNRrLTAzpTMmjG8sVj609/VoJ1A root@ubuntu-xenialStarted Deferred execution scheduler.

[   34.819009] cloud-init[1043]: The key's randomart image is:
[   34.957856] [cloud-init[0;32m  OK  [0m[1043]: ] +---[DSA 1024]----+Started Snappy daemon.

[   34.958445] cloud-init[1043]: |   o+.           |
[   35.186385] cloud-init[1043]: |o **=o           |
         Starting Auto import assertions from block devices...
[   35.187238] cloud-init[1043]: |.=o%=o=  E       |
[[0;32m  OK  [0m] Started System Logging Service.
[[0;32m  OK  [0m] Started iSCSI initiator daemon (iscsid).
[[0;32m  OK  [0m] Started /etc/rc.local Compatibility.
[[0;32m  OK  [0m] Started LXD - container startup/shutdown.
[   35.286169] cloud-init[1043]: | oX=== +.        |
[   35.476578] cloud-init[1043]: |o+O*..+.S.       |
[   35.477091] cloud-init[1043]: |o*. o ..o o      |
[   35.477222] cloud-init[1043]: |.      . + o     |
[   35.477251] cloud-init[1043]: |        . o      |
[   35.477279] cloud-init[1043]: |                 |
[   35.477308] cloud-init[1043]: +----[SHA256]-----+
[   35.477334] cloud-init[1043]: Generating public/private ecdsa key pair.
[   35.477367] cloud-init[1043]: Your identification has been saved in /etc/ssh/ssh_host_ecdsa_key.
[   35.477397] cloud-init[1043]: Your public key has been saved in /etc/ssh/ssh_host_ecdsa_key.pub.
[   35.477423] cloud-init[1043]: The key fingerprint is:
[   35.477450] cloud-init[1043]: SHA256:++3nXPXl1pBxnAD9QK9Gxl1Yv2VgB0LzxHF4mvZunNs root@ubuntu-xenial
[   35.477477] cloud-init[1043]: The key's randomart image is:
[   35.477548] cloud-init[1043]: +---[ECDSA 256]---+
[   35.477577] cloud-init[1043]: |           oB+**=|
[   35.477605] cloud-init[1043]: |            .OB==|
[   35.477632] cloud-init[1043]: |             +=B*|
[   35.477703] cloud-init[1043]: |            o =*o|
[   35.477731] cloud-init[1043]: |        S    +ooo|
[   35.477758] cloud-init[1043]: |         .  .  o*|
[   35.477786] cloud-init[1043]: |        .      oB|
[   35.477814] cloud-init[1043]: |         . . ..+=|
[   35.477841] cloud-init[1043]: |          ..ooooE|
[   35.477867] cloud-init[1043]: +----[SHA256]-----+
[   35.477893] cloud-init[1043]: Generating public/private ed25519 key pair.
[   35.477920] cloud-init[1043]: Your identification has been saved in /etc/ssh/ssh_host_ed25519_key.
[   35.477947] cloud-init[1043]: Your public key has been saved in /etc/ssh/ssh_host_ed25519_key.pub.
[   35.477974] cloud-init[1043]: The key fingerprint is:
[   35.478001] cloud-init[1043]: SHA256:gbr7kJoxHbAkmSJ22oVmZ4Iu63FjJBwY8DdIqcvdh0Q root@ubuntu-xenial
[   35.478029] cloud-init[1043]: The key's randomart image is:
[   35.478055] cloud-init[1043]: +--[ED25519 256]--+
[   35.478083] cloud-init[1043]: |+ ..             |
[   35.478110] cloud-init[1043]: |.*o..E .         |
[   35.478138] cloud-init[1043]: |B==*++. .        |
[   35.478185] cloud-init[1043]: |BoB+=+   .       |
[   35.478216] cloud-init[1043]: |o*oo= . S        |
[   35.478257] cloud-init[1043]: |oooo * .         |
[   35.478285] cloud-init[1043]: |..o+= .          |
[   35.478326] cloud-init[1043]: |. +=.o           |
[   35.478647] cloud-init[1043]: | .o ...          |
[   35.478695] cloud-init[1043]: +----[SHA256]-----+
[   35.479550] cloud-init[1141]: Generating locales (this might take a while)...
[[0;32m  OK  [0m] Started Auto import assertions from block devices.
[[0;32m  OK  [0m] Started LSB: MD monitoring daemon.
[[0;32m  OK  [0m] Started LSB: Record successful boot for GRUB.
[[0;32m  OK  [0m] Started Login Service.
         Starting Authenticate and Authorize Users to Run Privileged Tasks...
         Starting Login to default iSCSI targets...
[[0;32m  OK  [0m] Started Pollinate to seed the pseudo random number generator.
[[0;32m  OK  [0m] Started Authenticate and Authorize Users to Run Privileged Tasks.
[[0;32m  OK  [0m] Started Accounts Service.
         Starting OpenBSD Secure Shell server...
[[0;32m  OK  [0m] Started OpenBSD Secure Shell server.
[[0;32m  OK  [0m] Started Login to default iSCSI targets.
[[0;32m  OK  [0m] Reached target Remote File Systems (Pre).
[[0;32m  OK  [0m] Reached target Remote File Systems.
         Starting LSB: VirtualBox Linux Additions...
         Starting LSB: Set the CPU Frequency Scaling governor to "ondemand"...
         Starting LSB: daemon to balance interrupts for SMP systems...
[   36.641187] cloud-init[1141]:   en_US.UTF-8... done
[   36.672806] cloud-init[1141]: Generation complete.
         Starting Permit User Sessions...
         Starting LSB: automatic crash report generation...
[[0;32m  OK  [0m] Started Permit User Sessions.
[[0;32m  OK  [0m] Started LSB: Set the CPU Frequency Scaling governor to "ondemand".
[[0;32m  OK  [0m] Started LSB: VirtualBox Linux Additions.
         Starting Hold until boot process finishes up...
         Starting Terminate Plymouth Boot Screen...
[[0;32m  OK  [0m] Started LSB: daemon to balance interrupts for SMP systems.
[[0;32m  OK  [0m] Started LSB: automatic crash report generation.
[[0;32m  OK  [0m] Started Hold until boot process finishes up.
[[0;32m  OK  [0m] Started Terminate Plymouth Boot Screen.
         Stopping OpenBSD Secure Shell server...
[[0;32m  OK  [0m] Started Getty on tty1.
         Starting Set console scheme...
[[0;32m  OK  [0m] Started Serial Getty on ttyS0.
[[0;32m  OK  [0m] Reached target Login Prompts.
[[0;32m  OK  [0m] Stopped OpenBSD Secure Shell server.
[[0;32m  OK  [0m] Started Set console scheme.
         Starting OpenBSD Secure Shell server...
[[0;32m  OK  [0m] Started OpenBSD Secure Shell server.
[[0;32m  OK  [0m] Reached target Multi-User System.
[[0;32m  OK  [0m] Reached target Graphical Interface.
         Starting Update UTMP about System Runlevel Changes...
[[0;32m  OK  [0m] Started Update UTMP about System Runlevel Changes.
[   37.811939] cloud-init[1141]: Cloud-init v. 0.7.8 running 'modules:config' at Mon, 20 Feb 2017 05:10:54 +0000. Up 34.50 seconds.
[[0;32m  OK  [0m] Started Apply the settings specified in cloud-config.
         Starting Execute cloud user/final scripts...
ci-info: no authorized ssh keys fingerprints found for user ubuntu.
<14>Feb 20 05:10:58 ec2: 
<14>Feb 20 05:10:58 ec2: #############################################################
<14>Feb 20 05:10:58 ec2: -----BEGIN SSH HOST KEY FINGERPRINTS-----
<14>Feb 20 05:10:58 ec2: 1024 SHA256:Eh7AMzKTPgfuaMWmXNRrLTAzpTMmjG8sVj609/VoJ1A root@ubuntu-xenial (DSA)
<14>Feb 20 05:10:58 ec2: 256 SHA256:++3nXPXl1pBxnAD9QK9Gxl1Yv2VgB0LzxHF4mvZunNs root@ubuntu-xenial (ECDSA)
<14>Feb 20 05:10:58 ec2: 256 SHA256:gbr7kJoxHbAkmSJ22oVmZ4Iu63FjJBwY8DdIqcvdh0Q root@ubuntu-xenial (ED25519)
<14>Feb 20 05:10:58 ec2: 2048 SHA256:JGiNk6LthQ7G9MU3UM8/secbUfmCYZfGJ/6Gi551/kM root@ubuntu-xenial (RSA)
<14>Feb 20 05:10:58 ec2: -----END SSH HOST KEY FINGERPRINTS-----
<14>Feb 20 05:10:58 ec2: #############################################################
-----BEGIN SSH HOST KEY KEYS-----
ecdsa-sha2-nistp256 AAAAE2VjZHNhLXNoYTItbmlzdHAyNTYAAAAIbmlzdHAyNTYAAABBBMnEVwdADzEIPkfEA2FH5iaCPPVAVN4wpIV5ifAkXoOYd7HcvMHyVOUD/C2ZT9vuZZHadk6+mxlAg7lGny9+Bj0= root@ubuntu-xenial
ssh-ed25519 AAAAC3NzaC1lZDI1NTE5AAAAIONDUI93iTwJR1f9cIWsjGrt77yjG/dyJHEioRcmfQuR root@ubuntu-xenial
ssh-rsa AAAAB3NzaC1yc2EAAAADAQABAAABAQDDrIOJnrvo3pydDYI28Gw5GWFjy6Bosr53kGhw/VfnGdrfJIoiCS/zZgXTXeo6RUpqfubFme6HNpXD1BPpMGVO4BVcdocyVZS7i5p60Fex2UV3wMJTMiZZRAeo4w1jA+jfqp68SxaFIZLa0ZwXhNLQPPd8od58YBH2sJj4UNCeyeaexY6C3K+eBqMBYTcuoXgFC19CO1QeXl4lDQF57XuMv0wjLyzJOUyBkfJjsm2sQs+GBxlVdOOhuVObbkS4gracxVuT9zW0D5zR5CkUYZ9utaDFHBZ9rf4xQO4wRZffQj8yFGm2LTVh/fmFUH9Jyug6CKsUFnGj2MXppC6yqaj7 root@ubuntu-xenial
-----END SSH HOST KEY KEYS-----
[   39.268721] cloud-init[1409]: Cloud-init v. 0.7.8 running 'modules:final' at Mon, 20 Feb 2017 05:10:58 +0000. Up 38.31 seconds.
[   39.412311] [cloud-init[0;32m  OK  [0m[1409]: ] ci-info: no authorized ssh keys fingerprints found for user ubuntu.Started Execute cloud user/final scripts.

[   39.413008] cloud-init[1409]: Cloud-init v. 0.7.8 finished at Mon, 20 Feb 2017 05:10:59 +0000. Datasource DataSourceNoCloud [seed=/dev/sdb][dsmode=net].  Up 39.26 seconds
[[0;32m  OK  [0m] Reached target Cloud-init target.

Ubuntu 16.04.2 LTS ubuntu-xenial ttyS0

ubuntu-xenial login: 